<?xml version="1.0" encoding="UTF-8"?>
<!-- Generated by org.testng.reporters.JUnitReportReporter -->
<testsuite hostname="mikasa" failures="0" tests="1" name="Para_Testcases.TC_002_Para_Login" time="2.310" errors="0" timestamp="2024-08-14T11:22:30 IST" skipped="0">
  <testcase classname="Para_Testcases.TC_002_Para_Login" name="LoginTest" time="2.310"/>
</testsuite> <!-- Para_Testcases.TC_002_Para_Login -->
