<?xml version="1.0" encoding="UTF-8"?>
<!-- Generated by org.testng.reporters.JUnitReportReporter -->
<testsuite hostname="mikasa" failures="0" tests="1" name="Para_Testcases.TC_001_Create_Account" time="2.173" errors="0" timestamp="2024-08-14T11:22:30 IST" skipped="0">
  <testcase classname="Para_Testcases.TC_001_Create_Account" name="CreateAcTest" time="2.173"/>
</testsuite> <!-- Para_Testcases.TC_001_Create_Account -->
